{"numTotalTestSuites":1,"numPassedTestSuites":1,"numFailedTestSuites":0,"numPendingTestSuites":0,"numTotalTests":14,"numPassedTests":14,"numFailedTests":0,"numPendingTests":0,"numTodoTests":0,"snapshot":{"added":0,"failure":false,"filesAdded":0,"filesRemoved":0,"filesRemovedList":[],"filesUnmatched":0,"filesUpdated":0,"matched":0,"total":0,"unchecked":0,"uncheckedKeysByFile":[],"unmatched":0,"updated":0,"didUpdate":false},"startTime":1782928775497,"success":true,"testResults":[{"assertionResults":[{"ancestorTitles":[],"fullName":"renders VAT Calculator text","status":"passed","title":"renders VAT Calculator text","duration":26.825600000000122,"failureMessages":[],"meta":{},"tags":[]},{"ancestorTitles":[],"fullName":"renders VAT rate 20%","status":"passed","title":"renders VAT rate 20%","duration":2.7152000000000953,"failureMessages":[],"meta":{},"tags":[]},{"ancestorTitles":[],"fullName":"renders VAT to pay","status":"passed","title":"renders VAT to pay","duration":2.319500000000062,"failureMessages":[],"meta":{},"tags":[]},{"ancestorTitles":[],"fullName":"renders empty gross value","status":"passed","title":"renders empty gross value","duration":65.78980000000001,"failureMessages":[],"meta":{},"tags":[]},{"ancestorTitles":[],"fullName":"renders empty net value","status":"passed","title":"renders empty net value","duration":6.636799999999994,"failureMessages":[],"meta":{},"tags":[]},{"ancestorTitles":[],"fullName":"updates net price to 120 when gross is set to 100 and VAT is 20%","status":"passed","title":"updates net price to 120 when gross is set to 100 and VAT is 20%","duration":10.589999999999918,"failureMessages":[],"meta":{},"tags":[]},{"ancestorTitles":[],"fullName":"updates net price to 115 when gross is set to 100 and VAT is 15%","status":"passed","title":"updates net price to 115 when gross is set to 100 and VAT is 15%","duration":13.978000000000065,"failureMessages":[],"meta":{},"tags":[]},{"ancestorTitles":[],"fullName":"updates net price to 100 when gross is set to 100 and VAT is Exempt","status":"passed","title":"updates net price to 100 when gross is set to 100 and VAT is Exempt","duration":9.179399999999987,"failureMessages":[],"meta":{},"tags":[]},{"ancestorTitles":[],"fullName":"updates net price to 112.5 when gross is set to 100 and VAT is 12.5","status":"passed","title":"updates net price to 112.5 when gross is set to 100 and VAT is 12.5","duration":9.398699999999963,"failureMessages":[],"meta":{},"tags":[]},{"ancestorTitles":[],"fullName":"updates GROSS price to 83.33 when NET is set to 100 and VAT is 20","status":"passed","title":"updates GROSS price to 83.33 when NET is set to 100 and VAT is 20","duration":7.859699999999975,"failureMessages":[],"meta":{},"tags":[]},{"ancestorTitles":[],"fullName":"updates GROSS price to 88.89 when NET is set to 100 and VAT is 12.5","status":"passed","title":"updates GROSS price to 88.89 when NET is set to 100 and VAT is 12.5","duration":7.968799999999874,"failureMessages":[],"meta":{},"tags":[]},{"ancestorTitles":[],"fullName":"updates GROSS price to 86.96 when NET is set to 100 and VAT is 15","status":"passed","title":"updates GROSS price to 86.96 when NET is set to 100 and VAT is 15","duration":8.290700000000015,"failureMessages":[],"meta":{},"tags":[]},{"ancestorTitles":[],"fullName":"async updates GROSS price to 86.96 when NET is set to 100 and VAT is 15","status":"passed","title":"async updates GROSS price to 86.96 when NET is set to 100 and VAT is 15","duration":48.037599999999884,"failureMessages":[],"meta":{},"tags":[]},{"ancestorTitles":[],"fullName":"async updates VAT to Pay when NET is set to 100 and VAT is 20","status":"passed","title":"async updates VAT to Pay when NET is set to 100 and VAT is 20","duration":45.98880000000008,"failureMessages":[],"meta":{},"tags":[]}],"startTime":1782928776702,"endTime":1782928776967.9888,"status":"passed","message":"","name":"C:/victoria/vat3/vat3/src/App.test.jsx"}],"coverageMap":{"C:\\victoria\\vat3\\vat3\\src\\PriceEntryField.jsx":{"path":"C:\\victoria\\vat3\\vat3\\src\\PriceEntryField.jsx","statementMap":{"0":{"start":{"line":4,"column":6},"end":{"line":11,"column":null}},"1":{"start":{"line":5,"column":4},"end":{"line":9,"column":null}}},"fnMap":{"0":{"name":"(anonymous_0)","decl":{"start":{"line":4,"column":6},"end":{"line":4,"column":25}},"loc":{"start":{"line":4,"column":35},"end":{"line":11,"column":null}},"line":4}},"branchMap":{},"s":{"0":1,"1":64},"f":{"0":64},"b":{},"meta":{"lastBranch":0,"lastFunction":1,"lastStatement":2,"seen":{"s:4:6:11:Infinity":0,"f:4:6:4:25":0,"s:5:4:9:Infinity":1},"fnNames":{}}},"C:\\victoria\\vat3\\vat3\\src\\NumberEditorField.jsx":{"path":"C:\\victoria\\vat3\\vat3\\src\\NumberEditorField.jsx","statementMap":{"0":{"start":{"line":3,"column":6},"end":{"line":11,"column":null}},"1":{"start":{"line":4,"column":4},"end":{"line":9,"column":null}},"2":{"start":{"line":8,"column":35},"end":{"line":8,"column":76}}},"fnMap":{"0":{"name":"(anonymous_0)","decl":{"start":{"line":3,"column":6},"end":{"line":3,"column":27}},"loc":{"start":{"line":3,"column":37},"end":{"line":11,"column":null}},"line":3},"1":{"name":"(anonymous_1)","decl":{"start":{"line":8,"column":12},"end":{"line":8,"column":23}},"loc":{"start":{"line":8,"column":33},"end":{"line":8,"column":null}},"line":8}},"branchMap":{},"s":{"0":1,"1":64,"2":9},"f":{"0":64,"1":9},"b":{},"meta":{"lastBranch":0,"lastFunction":2,"lastStatement":3,"seen":{"s:3:6:11:Infinity":0,"f:3:6:3:27":0,"s:4:4:9:Infinity":1,"f:8:12:8:23":1,"s:8:35:8:76":2},"fnNames":{}}},"C:\\victoria\\vat3\\vat3\\src\\App.css":{"path":"C:\\victoria\\vat3\\vat3\\src\\App.css","statementMap":{},"fnMap":{},"branchMap":{},"s":{},"f":{},"b":{},"meta":{"lastBranch":0,"lastFunction":0,"lastStatement":0,"seen":{},"fnNames":{}}},"C:\\victoria\\vat3\\vat3\\src\\DisplayBlock.jsx":{"path":"C:\\victoria\\vat3\\vat3\\src\\DisplayBlock.jsx","statementMap":{"0":{"start":{"line":3,"column":6},"end":{"line":9,"column":null}},"1":{"start":{"line":4,"column":2},"end":{"line":7,"column":null}}},"fnMap":{"0":{"name":"(anonymous_0)","decl":{"start":{"line":3,"column":6},"end":{"line":3,"column":22}},"loc":{"start":{"line":3,"column":32},"end":{"line":9,"column":null}},"line":3}},"branchMap":{},"s":{"0":1,"1":32},"f":{"0":32},"b":{},"meta":{"lastBranch":0,"lastFunction":1,"lastStatement":2,"seen":{"s:3:6:9:Infinity":0,"f:3:6:3:22":0,"s:4:2:7:Infinity":1},"fnNames":{}}},"C:\\victoria\\vat3\\vat3\\src\\App.jsx":{"path":"C:\\victoria\\vat3\\vat3\\src\\App.jsx","statementMap":{"0":{"start":{"line":8,"column":19},"end":{"line":8,"column":null}},"1":{"start":{"line":9,"column":21},"end":{"line":9,"column":null}},"2":{"start":{"line":10,"column":19},"end":{"line":10,"column":null}},"3":{"start":{"line":11,"column":18},"end":{"line":11,"column":null}},"4":{"start":{"line":13,"column":8},"end":{"line":18,"column":null}},"5":{"start":{"line":14,"column":10},"end":{"line":14,"column":null}},"6":{"start":{"line":15,"column":4},"end":{"line":15,"column":null}},"7":{"start":{"line":16,"column":4},"end":{"line":16,"column":null}},"8":{"start":{"line":17,"column":4},"end":{"line":17,"column":null}},"9":{"start":{"line":20,"column":8},"end":{"line":25,"column":null}},"10":{"start":{"line":21,"column":10},"end":{"line":21,"column":null}},"11":{"start":{"line":22,"column":4},"end":{"line":22,"column":null}},"12":{"start":{"line":23,"column":4},"end":{"line":23,"column":null}},"13":{"start":{"line":24,"column":4},"end":{"line":24,"column":null}},"14":{"start":{"line":27,"column":8},"end":{"line":30,"column":null}},"15":{"start":{"line":28,"column":4},"end":{"line":28,"column":null}},"16":{"start":{"line":29,"column":4},"end":{"line":29,"column":null}},"17":{"start":{"line":32,"column":8},"end":{"line":34,"column":null}},"18":{"start":{"line":33,"column":4},"end":{"line":33,"column":null}},"19":{"start":{"line":36,"column":2},"end":{"line":46,"column":null}}},"fnMap":{"0":{"name":"App","decl":{"start":{"line":7,"column":9},"end":{"line":7,"column":15}},"loc":{"start":{"line":7,"column":15},"end":{"line":49,"column":null}},"line":7},"1":{"name":"(anonymous_1)","decl":{"start":{"line":13,"column":8},"end":{"line":13,"column":32}},"loc":{"start":{"line":13,"column":42},"end":{"line":18,"column":null}},"line":13},"2":{"name":"(anonymous_2)","decl":{"start":{"line":20,"column":8},"end":{"line":20,"column":34}},"loc":{"start":{"line":20,"column":44},"end":{"line":25,"column":null}},"line":20},"3":{"name":"(anonymous_3)","decl":{"start":{"line":27,"column":8},"end":{"line":27,"column":32}},"loc":{"start":{"line":27,"column":41},"end":{"line":30,"column":null}},"line":27},"4":{"name":"(anonymous_4)","decl":{"start":{"line":32,"column":8},"end":{"line":32,"column":29}},"loc":{"start":{"line":32,"column":29},"end":{"line":34,"column":null}},"line":32}},"branchMap":{"0":{"loc":{"start":{"line":42,"column":113},"end":{"line":42,"column":148}},"type":"cond-expr","locations":[{"start":{"line":42,"column":132},"end":{"line":42,"column":137}},{"start":{"line":42,"column":137},"end":{"line":42,"column":148}}],"line":42},"1":{"loc":{"start":{"line":44,"column":115},"end":{"line":44,"column":154}},"type":"cond-expr","locations":[{"start":{"line":44,"column":136},"end":{"line":44,"column":141}},{"start":{"line":44,"column":141},"end":{"line":44,"column":154}}],"line":44}},"s":{"0":47,"1":47,"2":47,"3":47,"4":47,"5":44,"6":44,"7":44,"8":44,"9":47,"10":5,"11":5,"12":5,"13":5,"14":47,"15":8,"16":8,"17":47,"18":40,"19":47},"f":{"0":47,"1":44,"2":5,"3":8,"4":40},"b":{"0":[20,27],"1":[20,27]},"meta":{"lastBranch":2,"lastFunction":5,"lastStatement":20,"seen":{"f:7:9:7:15":0,"s:8:19:8:Infinity":0,"s:9:21:9:Infinity":1,"s:10:19:10:Infinity":2,"s:11:18:11:Infinity":3,"s:13:8:18:Infinity":4,"f:13:8:13:32":1,"s:14:10:14:Infinity":5,"s:15:4:15:Infinity":6,"s:16:4:16:Infinity":7,"s:17:4:17:Infinity":8,"s:20:8:25:Infinity":9,"f:20:8:20:34":2,"s:21:10:21:Infinity":10,"s:22:4:22:Infinity":11,"s:23:4:23:Infinity":12,"s:24:4:24:Infinity":13,"s:27:8:30:Infinity":14,"f:27:8:27:32":3,"s:28:4:28:Infinity":15,"s:29:4:29:Infinity":16,"s:32:8:34:Infinity":17,"f:32:8:32:29":4,"s:33:4:33:Infinity":18,"s:36:2:46:Infinity":19,"b:42:132:42:137:42:137:42:148":0,"b:44:136:44:141:44:141:44:154":1},"fnNames":{}}},"C:\\victoria\\vat3\\vat3\\src\\VatRateField.jsx":{"path":"C:\\victoria\\vat3\\vat3\\src\\VatRateField.jsx","statementMap":{"0":{"start":{"line":3,"column":6},"end":{"line":23,"column":null}},"1":{"start":{"line":6,"column":29},"end":{"line":6,"column":null}},"2":{"start":{"line":8,"column":4},"end":{"line":10,"column":null}},"3":{"start":{"line":9,"column":8},"end":{"line":9,"column":null}},"4":{"start":{"line":12,"column":4},"end":{"line":21,"column":null}},"5":{"start":{"line":15,"column":63},"end":{"line":15,"column":106}}},"fnMap":{"0":{"name":"(anonymous_0)","decl":{"start":{"line":3,"column":6},"end":{"line":3,"column":22}},"loc":{"start":{"line":3,"column":32},"end":{"line":23,"column":null}},"line":3},"1":{"name":"(anonymous_1)","decl":{"start":{"line":8,"column":4},"end":{"line":8,"column":20}},"loc":{"start":{"line":8,"column":20},"end":{"line":10,"column":7}},"line":8},"2":{"name":"(anonymous_2)","decl":{"start":{"line":15,"column":40},"end":{"line":15,"column":51}},"loc":{"start":{"line":15,"column":61},"end":{"line":15,"column":null}},"line":15}},"branchMap":{},"s":{"0":1,"1":32,"2":32,"3":32,"4":32,"5":8},"f":{"0":32,"1":32,"2":8},"b":{},"meta":{"lastBranch":0,"lastFunction":3,"lastStatement":6,"seen":{"s:3:6:23:Infinity":0,"f:3:6:3:22":0,"s:6:29:6:Infinity":1,"s:8:4:10:Infinity":2,"f:8:4:8:20":1,"s:9:8:9:Infinity":3,"s:12:4:21:Infinity":4,"f:15:40:15:51":2,"s:15:63:15:106":5},"fnNames":{}}}}}